# JRE version: OpenJDK Runtime Environment (11.0.15) (build 11.0.15+0-b2043.56-8887301)
# Java VM: OpenJDK 64-Bit Server VM (11.0.15+0-b2043.56-8887301, mixed mode, tiered, compressed oops, g1 gc, windows-amd64)
Heap:
 garbage-first heap   total 240640K, used 83471K [0x0000000081800000, 0x0000000100000000)
  region size 1024K, 4 young (4096K), 4 survivors (4096K)
 Metaspace       used 77425K, capacity 78219K, committed 78416K, reserved 1118208K
  class space    used 8588K, capacity 8935K, committed 9084K, reserved 1048576K
GC Heap History (20 events):
Event: 6.298 GC heap after
{Heap after GC invocations=5 (full 0):
 garbage-first heap   total 131072K, used 26895K [0x0000000081800000, 0x0000000100000000)
  region size 1024K, 7 young (7168K), 7 survivors (7168K)
 Metaspace       used 35473K, capacity 35885K, committed 36048K, reserved 1081344K
  class space    used 4346K, capacity 4534K, committed 4604K, reserved 1048576K
}
Event: 7.206 GC heap before
{Heap before GC invocations=6 (full 0):
 garbage-first heap   total 131072K, used 46351K [0x0000000081800000, 0x0000000100000000)
  region size 1024K, 26 young (26624K), 7 survivors (7168K)
 Metaspace       used 38886K, capacity 39275K, committed 39504K, reserved 1083392K
  class space    used 4700K, capacity 4893K, committed 4988K, reserved 1048576K
}
Event: 7.233 GC heap after
{Heap after GC invocations=7 (full 0):
 garbage-first heap   total 157696K, used 27380K [0x0000000081800000, 0x0000000100000000)
  region size 1024K, 3 young (3072K), 3 survivors (3072K)
 Metaspace       used 38886K, capacity 39275K, committed 39504K, reserved 1083392K
  class space    used 4700K, capacity 4893K, committed 4988K, reserved 1048576K
}
Event: 9.418 GC heap before
{Heap before GC invocations=7 (full 0):
 garbage-first heap   total 157696K, used 81652K [0x0000000081800000, 0x0000000100000000)
  region size 1024K, 53 young (54272K), 3 survivors (3072K)
 Metaspace       used 48112K, capacity 48591K, committed 48848K, reserved 1091584K
  class space    used 5620K, capacity 5844K, committed 5884K, reserved 1048576K
}
Event: 9.444 GC heap after
{Heap after GC invocations=8 (full 0):
 garbage-first heap   total 157696K, used 35840K [0x0000000081800000, 0x0000000100000000)
  region size 1024K, 7 young (7168K), 7 survivors (7168K)
 Metaspace       used 48112K, capacity 48591K, committed 48848K, reserved 1091584K
  class space    used 5620K, capacity 5844K, committed 5884K, reserved 1048576K
}
Event: 12.685 GC heap before
{Heap before GC invocations=8 (full 0):
 garbage-first heap   total 157696K, used 99328K [0x0000000081800000, 0x0000000100000000)
  region size 1024K, 69 young (70656K), 7 survivors (7168K)
 Metaspace       used 53604K, capacity 54168K, committed 54352K, reserved 1097728K
  class space    used 6118K, capacity 6378K, committed 6524K, reserved 1048576K
}
Event: 12.754 GC heap after
{Heap after GC invocations=9 (full 0):
 garbage-first heap   total 157696K, used 43994K [0x0000000081800000, 0x0000000100000000)
  region size 1024K, 8 young (8192K), 8 survivors (8192K)
 Metaspace       used 53604K, capacity 54168K, committed 54352K, reserved 1097728K
  class space    used 6118K, capacity 6378K, committed 6524K, reserved 1048576K
}
Event: 14.716 GC heap before
{Heap before GC invocations=9 (full 0):
 garbage-first heap   total 157696K, used 104410K [0x0000000081800000, 0x0000000100000000)
  region size 1024K, 67 young (68608K), 8 survivors (8192K)
 Metaspace       used 54091K, capacity 54635K, committed 54864K, reserved 1097728K
  class space    used 6134K, capacity 6382K, committed 6524K, reserved 1048576K
}
Event: 14.787 GC heap after
{Heap after GC invocations=10 (full 0):
 garbage-first heap   total 157696K, used 54272K [0x0000000081800000, 0x0000000100000000)
  region size 1024K, 9 young (9216K), 9 survivors (9216K)
 Metaspace       used 54091K, capacity 54635K, committed 54864K, reserved 1097728K
  class space    used 6134K, capacity 6382K, committed 6524K, reserved 1048576K
}
Event: 16.193 GC heap before
{Heap before GC invocations=10 (full 0):
 garbage-first heap   total 157696K, used 107520K [0x0000000081800000, 0x0000000100000000)
  region size 1024K, 61 young (62464K), 9 survivors (9216K)
 Metaspace       used 57099K, capacity 57693K, committed 57936K, reserved 1099776K
  class space    used 6455K, capacity 6699K, committed 6780K, reserved 1048576K
}
Event: 16.254 GC heap after
{Heap after GC invocations=11 (full 0):
 garbage-first heap   total 199680K, used 57856K [0x0000000081800000, 0x0000000100000000)
  region size 1024K, 3 young (3072K), 3 survivors (3072K)
 Metaspace       used 57099K, capacity 57693K, committed 57936K, reserved 1099776K
  class space    used 6455K, capacity 6699K, committed 6780K, reserved 1048576K
}
Event: 16.924 GC heap before
{Heap before GC invocations=11 (full 0):
 garbage-first heap   total 199680K, used 68096K [0x0000000081800000, 0x0000000100000000)
  region size 1024K, 14 young (14336K), 3 survivors (3072K)
 Metaspace       used 59737K, capacity 60341K, committed 60496K, reserved 1101824K
  class space    used 6894K, capacity 7179K, committed 7292K, reserved 1048576K
}
Event: 16.942 GC heap after
{Heap after GC invocations=12 (full 0):
 garbage-first heap   total 199680K, used 57577K [0x0000000081800000, 0x0000000100000000)
  region size 1024K, 3 young (3072K), 3 survivors (3072K)
 Metaspace       used 59737K, capacity 60341K, committed 60496K, reserved 1101824K
  class space    used 6894K, capacity 7179K, committed 7292K, reserved 1048576K
}
Event: 20.753 GC heap before
{Heap before GC invocations=13 (full 0):
 garbage-first heap   total 199680K, used 129257K [0x0000000081800000, 0x0000000100000000)
  region size 1024K, 73 young (74752K), 3 survivors (3072K)
 Metaspace       used 67432K, capacity 68180K, committed 68432K, reserved 1110016K
  class space    used 7656K, capacity 7999K, committed 8060K, reserved 1048576K
}
Event: 20.811 GC heap after
{Heap after GC invocations=14 (full 0):
 garbage-first heap   total 199680K, used 69323K [0x0000000081800000, 0x0000000100000000)
  region size 1024K, 10 young (10240K), 10 survivors (10240K)
 Metaspace       used 67432K, capacity 68180K, committed 68432K, reserved 1110016K
  class space    used 7656K, capacity 7999K, committed 8060K, reserved 1048576K
}
Event: 23.012 GC heap before
{Heap before GC invocations=15 (full 0):
 garbage-first heap   total 199680K, used 113355K [0x0000000081800000, 0x0000000100000000)
  region size 1024K, 53 young (54272K), 10 survivors (10240K)
 Metaspace       used 73696K, capacity 74423K, committed 74704K, reserved 1116160K
  class space    used 8271K, capacity 8608K, committed 8700K, reserved 1048576K
}
Event: 23.094 GC heap after
{Heap after GC invocations=16 (full 0):
 garbage-first heap   total 199680K, used 74598K [0x0000000081800000, 0x0000000100000000)
  region size 1024K, 5 young (5120K), 5 survivors (5120K)
 Metaspace       used 73696K, capacity 74423K, committed 74704K, reserved 1116160K
  class space    used 8271K, capacity 8608K, committed 8700K, reserved 1048576K
}
Event: 24.287 GC heap before
{Heap before GC invocations=16 (full 0):
 garbage-first heap   total 199680K, used 136038K [0x0000000081800000, 0x0000000100000000)
  region size 1024K, 65 young (66560K), 5 survivors (5120K)
 Metaspace       used 74648K, capacity 75395K, committed 75600K, reserved 1116160K
  class space    used 8357K, capacity 8676K, committed 8828K, reserved 1048576K
}
Event: 24.318 GC heap after
{Heap after GC invocations=17 (full 0):
 garbage-first heap   total 199680K, used 79872K [0x0000000081800000, 0x0000000100000000)
  region size 1024K, 5 young (5120K), 5 survivors (5120K)
 Metaspace       used 74648K, capacity 75395K, committed 75600K, reserved 1116160K
  class space    used 8357K, capacity 8676K, committed 8828K, reserved 1048576K
}
Event: 25.684 GC heap before
{Heap before GC invocations=17 (full 0):
 garbage-first heap   total 199680K, used 141312K [0x0000000081800000, 0x0000000100000000)
  region size 1024K, 65 young (66560K), 5 survivors (5120K)
 Metaspace       used 77425K, capacity 78219K, committed 78416K, reserved 1118208K
  class space    used 8588K, capacity 8935K, committed 9084K, reserved 1048576K
}

